2020-06-03 17:55:46,115 INFO (StartupInfoLogger.java:55)- Starting BbkingWebApplication on DESKTOP-H6RNHRR with PID 14648 (E:\project\bbking\bbking-web\target\classes started by 86187 in E:\project\bbking)
2020-06-03 17:55:46,121 DEBUG (StartupInfoLogger.java:56)- Running with Spring Boot v2.2.4.RELEASE, Spring v5.2.3.RELEASE
2020-06-03 17:55:46,121 INFO (SpringApplication.java:651)- No active profile set, falling back to default profiles: default
2020-06-03 17:57:12,844 INFO (StartupInfoLogger.java:55)- Starting BbkingWebApplication on DESKTOP-H6RNHRR with PID 8396 (E:\project\bbking\bbking-web\target\classes started by 86187 in E:\project\bbking)
2020-06-03 17:57:12,855 DEBUG (StartupInfoLogger.java:56)- Running with Spring Boot v2.2.4.RELEASE, Spring v5.2.3.RELEASE
2020-06-03 17:57:12,863 INFO (SpringApplication.java:651)- No active profile set, falling back to default profiles: default
2020-06-03 17:57:43,092 INFO (StartupInfoLogger.java:55)- Starting BbkingWebApplication on DESKTOP-H6RNHRR with PID 12540 (E:\project\bbking\bbking-web\target\classes started by 86187 in E:\project\bbking)
2020-06-03 17:57:43,095 DEBUG (StartupInfoLogger.java:56)- Running with Spring Boot v2.2.4.RELEASE, Spring v5.2.3.RELEASE
2020-06-03 17:57:43,096 INFO (SpringApplication.java:651)- No active profile set, falling back to default profiles: default
2020-06-03 17:59:59,270 INFO (StartupInfoLogger.java:55)- Starting BbkingWebApplication on DESKTOP-H6RNHRR with PID 9308 (E:\project\bbking\bbking-web\target\classes started by 86187 in E:\project\bbking)
2020-06-03 17:59:59,272 DEBUG (StartupInfoLogger.java:56)- Running with Spring Boot v2.2.4.RELEASE, Spring v5.2.3.RELEASE
2020-06-03 17:59:59,273 INFO (SpringApplication.java:651)- No active profile set, falling back to default profiles: default
2020-06-03 18:00:33,484 INFO (StartupInfoLogger.java:55)- Starting BbkingWebApplication on DESKTOP-H6RNHRR with PID 8284 (E:\project\bbking\bbking-web\target\classes started by 86187 in E:\project\bbking)
2020-06-03 18:00:33,487 DEBUG (StartupInfoLogger.java:56)- Running with Spring Boot v2.2.4.RELEASE, Spring v5.2.3.RELEASE
2020-06-03 18:00:33,488 INFO (SpringApplication.java:651)- No active profile set, falling back to default profiles: default
2020-06-03 18:00:48,826 INFO (StartupInfoLogger.java:55)- Starting BbkingWebApplication on DESKTOP-H6RNHRR with PID 8296 (E:\project\bbking\bbking-web\target\classes started by 86187 in E:\project\bbking)
2020-06-03 18:00:48,829 DEBUG (StartupInfoLogger.java:56)- Running with Spring Boot v2.2.4.RELEASE, Spring v5.2.3.RELEASE
2020-06-03 18:00:48,830 INFO (SpringApplication.java:651)- No active profile set, falling back to default profiles: default
2020-06-03 18:02:24,136 INFO (StartupInfoLogger.java:55)- Starting BbkingWebApplication on DESKTOP-H6RNHRR with PID 14552 (E:\project\bbking\bbking-web\target\classes started by 86187 in E:\project\bbking)
2020-06-03 18:02:24,139 DEBUG (StartupInfoLogger.java:56)- Running with Spring Boot v2.2.4.RELEASE, Spring v5.2.3.RELEASE
2020-06-03 18:02:24,140 INFO (SpringApplication.java:651)- No active profile set, falling back to default profiles: default
2020-06-03 18:09:57,354 INFO (StartupInfoLogger.java:55)- Starting BbkingWebApplication on DESKTOP-H6RNHRR with PID 4804 (E:\project\bbking\bbking-web\target\classes started by 86187 in E:\project\bbking)
2020-06-03 18:09:57,358 DEBUG (StartupInfoLogger.java:56)- Running with Spring Boot v2.2.4.RELEASE, Spring v5.2.3.RELEASE
2020-06-03 18:09:57,358 INFO (SpringApplication.java:651)- No active profile set, falling back to default profiles: default
2020-06-03 18:12:17,021 INFO (StartupInfoLogger.java:55)- Starting BbkingWebApplication on DESKTOP-H6RNHRR with PID 17540 (E:\project\bbking\bbking-web\target\classes started by 86187 in E:\project\bbking)
2020-06-03 18:12:17,025 DEBUG (StartupInfoLogger.java:56)- Running with Spring Boot v2.2.4.RELEASE, Spring v5.2.3.RELEASE
2020-06-03 18:12:17,026 INFO (SpringApplication.java:651)- No active profile set, falling back to default profiles: default
2020-06-03 18:15:11,816 INFO (StartupInfoLogger.java:55)- Starting BbkingWebApplication on DESKTOP-H6RNHRR with PID 1940 (E:\project\bbking\bbking-web\target\classes started by 86187 in E:\project\bbking)
2020-06-03 18:15:11,819 DEBUG (StartupInfoLogger.java:56)- Running with Spring Boot v2.2.4.RELEASE, Spring v5.2.3.RELEASE
2020-06-03 18:15:11,820 INFO (SpringApplication.java:651)- No active profile set, falling back to default profiles: default
2020-06-03 18:17:52,304 INFO (StartupInfoLogger.java:55)- Starting BbkingWebApplication on DESKTOP-H6RNHRR with PID 4296 (E:\project\bbking\bbking-web\target\classes started by 86187 in E:\project\bbking)
2020-06-03 18:17:52,317 DEBUG (StartupInfoLogger.java:56)- Running with Spring Boot v2.2.4.RELEASE, Spring v5.2.3.RELEASE
2020-06-03 18:17:52,317 INFO (SpringApplication.java:651)- No active profile set, falling back to default profiles: default
2020-06-03 18:21:15,498 INFO (StartupInfoLogger.java:55)- Starting BbkingWebApplication on DESKTOP-H6RNHRR with PID 1704 (E:\project\bbking\bbking-web\target\classes started by 86187 in E:\project\bbking)
2020-06-03 18:21:15,501 DEBUG (StartupInfoLogger.java:56)- Running with Spring Boot v2.2.4.RELEASE, Spring v5.2.3.RELEASE
2020-06-03 18:21:15,502 INFO (SpringApplication.java:651)- No active profile set, falling back to default profiles: default
2020-06-03 18:24:36,804 INFO (StartupInfoLogger.java:55)- Starting BbkingWebApplication on DESKTOP-H6RNHRR with PID 16516 (E:\project\bbking\bbking-web\target\classes started by 86187 in E:\project\bbking)
2020-06-03 18:24:36,808 DEBUG (StartupInfoLogger.java:56)- Running with Spring Boot v2.2.4.RELEASE, Spring v5.2.3.RELEASE
2020-06-03 18:24:36,809 INFO (SpringApplication.java:651)- No active profile set, falling back to default profiles: default
2020-06-03 18:25:35,244 INFO (StartupInfoLogger.java:55)- Starting BbkingWebApplication on DESKTOP-H6RNHRR with PID 6872 (E:\project\bbking\bbking-web\target\classes started by 86187 in E:\project\bbking)
2020-06-03 18:25:35,247 DEBUG (StartupInfoLogger.java:56)- Running with Spring Boot v2.2.4.RELEASE, Spring v5.2.3.RELEASE
2020-06-03 18:25:35,248 INFO (SpringApplication.java:651)- No active profile set, falling back to default profiles: default
2020-06-03 18:27:29,418 INFO (StartupInfoLogger.java:55)- Starting BbkingWebApplication on DESKTOP-H6RNHRR with PID 8276 (E:\project\bbking\bbking-web\target\classes started by 86187 in E:\project\bbking)
2020-06-03 18:27:29,421 DEBUG (StartupInfoLogger.java:56)- Running with Spring Boot v2.2.4.RELEASE, Spring v5.2.3.RELEASE
2020-06-03 18:27:29,421 INFO (SpringApplication.java:651)- No active profile set, falling back to default profiles: default
2020-06-03 18:35:23,390 INFO (StartupInfoLogger.java:55)- Starting BbkingWebApplication on DESKTOP-H6RNHRR with PID 6872 (E:\project\bbking\bbking-web\target\classes started by 86187 in E:\project\bbking)
2020-06-03 18:35:23,404 DEBUG (StartupInfoLogger.java:56)- Running with Spring Boot v2.2.4.RELEASE, Spring v5.2.3.RELEASE
2020-06-03 18:35:23,405 INFO (SpringApplication.java:651)- No active profile set, falling back to default profiles: default
2020-06-03 18:44:53,652 INFO (StartupInfoLogger.java:55)- Starting BbkingWebApplication on DESKTOP-H6RNHRR with PID 16512 (E:\project\bbking\bbking-web\target\classes started by 86187 in E:\project\bbking)
2020-06-03 18:44:53,657 DEBUG (StartupInfoLogger.java:56)- Running with Spring Boot v2.2.4.RELEASE, Spring v5.2.3.RELEASE
2020-06-03 18:44:53,658 INFO (SpringApplication.java:651)- No active profile set, falling back to default profiles: default
2020-06-03 18:46:28,560 INFO (StartupInfoLogger.java:55)- Starting BbkingWebApplication on DESKTOP-H6RNHRR with PID 11740 (E:\project\bbking\bbking-web\target\classes started by 86187 in E:\project\bbking)
2020-06-03 18:46:28,563 DEBUG (StartupInfoLogger.java:56)- Running with Spring Boot v2.2.4.RELEASE, Spring v5.2.3.RELEASE
2020-06-03 18:46:28,563 INFO (SpringApplication.java:651)- No active profile set, falling back to default profiles: default
2020-06-03 18:46:35,888 INFO (StartupInfoLogger.java:61)- Started BbkingWebApplication in 7.792 seconds (JVM running for 9.339)
2020-06-03 18:46:59,111 INFO (UserServiceImpl.java:25)- 进入getUserList
2020-06-03 18:46:59,337 DEBUG (BaseJdbcLogger.java:159)- ==>  Preparing: select * from u_user WHERE status = '1' and username = ? 
2020-06-03 18:46:59,360 DEBUG (BaseJdbcLogger.java:159)- ==> Parameters: admin(String)
2020-06-03 18:46:59,423 DEBUG (BaseJdbcLogger.java:159)- <==      Total: 1
2020-06-03 18:46:59,516 INFO (UserServiceImpl.java:25)- 进入getUserList
2020-06-03 18:46:59,517 DEBUG (BaseJdbcLogger.java:159)- ==>  Preparing: select * from u_user WHERE status = '1' and username = ? 
2020-06-03 18:46:59,517 DEBUG (BaseJdbcLogger.java:159)- ==> Parameters: admin(String)
2020-06-03 18:46:59,557 DEBUG (BaseJdbcLogger.java:159)- <==      Total: 1
2020-06-03 18:46:59,615 DEBUG (BaseJdbcLogger.java:159)- ==>  Preparing: select t3.* from u_user t1 left join u_user_role t2 on t1.id = t2.uid left join u_role t3 on t2.rid = t3.id WHERE t1.id = ? 
2020-06-03 18:46:59,616 DEBUG (BaseJdbcLogger.java:159)- ==> Parameters: 15(String)
2020-06-03 18:46:59,620 DEBUG (BaseJdbcLogger.java:159)- ==>  Preparing: select t3.* from u_user t1 left join u_user_role t2 on t1.id = t2.uid left join u_role t3 on t2.rid = t3.id WHERE t1.id = ? 
2020-06-03 18:46:59,620 DEBUG (BaseJdbcLogger.java:159)- ==> Parameters: 15(String)
2020-06-03 18:46:59,651 DEBUG (BaseJdbcLogger.java:159)- <==      Total: 3
2020-06-03 18:46:59,653 DEBUG (BaseJdbcLogger.java:159)- ==>  Preparing: select t3.* from u_role t1 left join u_role_permission t2 on t1.id = t2.rid left join u_permission t3 on t2.pid = t3.id WHERE t1.id = ? 
2020-06-03 18:46:59,653 DEBUG (BaseJdbcLogger.java:159)- ==> Parameters: 1(String)
2020-06-03 18:46:59,655 DEBUG (BaseJdbcLogger.java:159)- <==      Total: 3
2020-06-03 18:46:59,656 DEBUG (BaseJdbcLogger.java:159)- ==>  Preparing: select t3.* from u_role t1 left join u_role_permission t2 on t1.id = t2.rid left join u_permission t3 on t2.pid = t3.id WHERE t1.id = ? 
2020-06-03 18:46:59,657 DEBUG (BaseJdbcLogger.java:159)- ==> Parameters: 1(String)
2020-06-03 18:46:59,687 DEBUG (BaseJdbcLogger.java:159)- <==      Total: 16
2020-06-03 18:46:59,687 DEBUG (BaseJdbcLogger.java:159)- ==>  Preparing: select t3.* from u_role t1 left join u_role_permission t2 on t1.id = t2.rid left join u_permission t3 on t2.pid = t3.id WHERE t1.id = ? 
2020-06-03 18:46:59,688 DEBUG (BaseJdbcLogger.java:159)- ==> Parameters: 3(String)
2020-06-03 18:46:59,689 DEBUG (BaseJdbcLogger.java:159)- <==      Total: 16
2020-06-03 18:46:59,690 DEBUG (BaseJdbcLogger.java:159)- ==>  Preparing: select t3.* from u_role t1 left join u_role_permission t2 on t1.id = t2.rid left join u_permission t3 on t2.pid = t3.id WHERE t1.id = ? 
2020-06-03 18:46:59,690 DEBUG (BaseJdbcLogger.java:159)- ==> Parameters: 3(String)
2020-06-03 18:46:59,717 DEBUG (BaseJdbcLogger.java:159)- <==      Total: 11
2020-06-03 18:46:59,718 DEBUG (BaseJdbcLogger.java:159)- ==>  Preparing: select t3.* from u_role t1 left join u_role_permission t2 on t1.id = t2.rid left join u_permission t3 on t2.pid = t3.id WHERE t1.id = ? 
2020-06-03 18:46:59,719 DEBUG (BaseJdbcLogger.java:159)- ==> Parameters: 4(String)
2020-06-03 18:46:59,725 DEBUG (BaseJdbcLogger.java:159)- <==      Total: 11
2020-06-03 18:46:59,726 DEBUG (BaseJdbcLogger.java:159)- ==>  Preparing: select t3.* from u_role t1 left join u_role_permission t2 on t1.id = t2.rid left join u_permission t3 on t2.pid = t3.id WHERE t1.id = ? 
2020-06-03 18:46:59,727 DEBUG (BaseJdbcLogger.java:159)- ==> Parameters: 4(String)
2020-06-03 18:46:59,749 DEBUG (BaseJdbcLogger.java:159)- <==      Total: 5
2020-06-03 18:46:59,758 DEBUG (BaseJdbcLogger.java:159)- ==>  Preparing: select t3.* from u_user t1 left join u_user_role t2 on t1.id = t2.uid left join u_role t3 on t2.rid = t3.id WHERE t1.id = ? 
2020-06-03 18:46:59,759 DEBUG (BaseJdbcLogger.java:159)- <==      Total: 5
2020-06-03 18:46:59,759 DEBUG (BaseJdbcLogger.java:159)- ==> Parameters: 15(String)
2020-06-03 18:46:59,765 DEBUG (BaseJdbcLogger.java:159)- ==>  Preparing: select t3.* from u_user t1 left join u_user_role t2 on t1.id = t2.uid left join u_role t3 on t2.rid = t3.id WHERE t1.id = ? 
2020-06-03 18:46:59,765 DEBUG (BaseJdbcLogger.java:159)- ==> Parameters: 15(String)
2020-06-03 18:46:59,788 DEBUG (BaseJdbcLogger.java:159)- <==      Total: 3
2020-06-03 18:46:59,789 DEBUG (BaseJdbcLogger.java:159)- ==>  Preparing: select t3.* from u_role t1 left join u_role_permission t2 on t1.id = t2.rid left join u_permission t3 on t2.pid = t3.id WHERE t1.id = ? 
2020-06-03 18:46:59,789 DEBUG (BaseJdbcLogger.java:159)- ==> Parameters: 4(String)
2020-06-03 18:46:59,796 DEBUG (BaseJdbcLogger.java:159)- <==      Total: 3
2020-06-03 18:46:59,797 DEBUG (BaseJdbcLogger.java:159)- ==>  Preparing: select t3.* from u_role t1 left join u_role_permission t2 on t1.id = t2.rid left join u_permission t3 on t2.pid = t3.id WHERE t1.id = ? 
2020-06-03 18:46:59,797 DEBUG (BaseJdbcLogger.java:159)- ==> Parameters: 1(String)
2020-06-03 18:46:59,817 DEBUG (BaseJdbcLogger.java:159)- <==      Total: 5
2020-06-03 18:46:59,818 DEBUG (BaseJdbcLogger.java:159)- ==>  Preparing: select t3.* from u_role t1 left join u_role_permission t2 on t1.id = t2.rid left join u_permission t3 on t2.pid = t3.id WHERE t1.id = ? 
2020-06-03 18:46:59,819 DEBUG (BaseJdbcLogger.java:159)- ==> Parameters: 1(String)
2020-06-03 18:46:59,830 DEBUG (BaseJdbcLogger.java:159)- <==      Total: 16
2020-06-03 18:46:59,831 DEBUG (BaseJdbcLogger.java:159)- ==>  Preparing: select t3.* from u_role t1 left join u_role_permission t2 on t1.id = t2.rid left join u_permission t3 on t2.pid = t3.id WHERE t1.id = ? 
2020-06-03 18:46:59,832 DEBUG (BaseJdbcLogger.java:159)- ==> Parameters: 3(String)
2020-06-03 18:46:59,851 DEBUG (BaseJdbcLogger.java:159)- <==      Total: 16
2020-06-03 18:46:59,852 DEBUG (BaseJdbcLogger.java:159)- ==>  Preparing: select t3.* from u_role t1 left join u_role_permission t2 on t1.id = t2.rid left join u_permission t3 on t2.pid = t3.id WHERE t1.id = ? 
2020-06-03 18:46:59,852 DEBUG (BaseJdbcLogger.java:159)- ==> Parameters: 3(String)
2020-06-03 18:46:59,867 DEBUG (BaseJdbcLogger.java:159)- <==      Total: 11
2020-06-03 18:46:59,869 DEBUG (BaseJdbcLogger.java:159)- ==>  Preparing: select t3.* from u_role t1 left join u_role_permission t2 on t1.id = t2.rid left join u_permission t3 on t2.pid = t3.id WHERE t1.id = ? 
2020-06-03 18:46:59,869 DEBUG (BaseJdbcLogger.java:159)- ==> Parameters: 4(String)
2020-06-03 18:46:59,880 DEBUG (BaseJdbcLogger.java:159)- <==      Total: 11
2020-06-03 18:46:59,912 DEBUG (BaseJdbcLogger.java:159)- <==      Total: 5
2020-06-03 18:47:19,600 DEBUG (BaseJdbcLogger.java:159)- ==>  Preparing: select `id`,`type_name`,`create_time`,`creator`,`modify_time`,`modifior` from t_contribution_type order by create_time desc ,type_name 
2020-06-03 18:47:19,601 DEBUG (BaseJdbcLogger.java:159)- ==> Parameters: 
2020-06-03 18:47:19,638 DEBUG (BaseJdbcLogger.java:159)- <==      Total: 5
2020-06-03 18:47:19,640 DEBUG (BaseJdbcLogger.java:159)- ==>  Preparing: select t1.`id`,t1.`title`,t1.`videoFieldId`,t1.`imageFieldId`,t1.`view`,t1.`praise`,t1.`coin`,t1.`type`, t1.`creator`,t1.`remark`,t4.`nickname` creatorName,t1.`create_time`, t2.`url` imageFieldurl,t3.`url` videoFieldurl from t_contribution t1 left join t_upload_file t2 on t1.`imageFieldId` = t2.`id` left join t_upload_file t3 on t1.`videoFieldId` = t3.`id` left join u_user t4 on t1.`creator` = t4.`id` WHERE t1.`type` = ? order by t1.`create_time` desc 
2020-06-03 18:47:19,640 DEBUG (BaseJdbcLogger.java:159)- ==> Parameters: 1(String)
2020-06-03 18:47:19,685 DEBUG (BaseJdbcLogger.java:159)- <==      Total: 5
2020-06-03 18:47:19,686 DEBUG (BaseJdbcLogger.java:159)- ==>  Preparing: select t1.`id`,t1.`title`,t1.`videoFieldId`,t1.`imageFieldId`,t1.`view`,t1.`praise`,t1.`coin`,t1.`type`, t1.`creator`,t1.`remark`,t4.`nickname` creatorName,t1.`create_time`, t2.`url` imageFieldurl,t3.`url` videoFieldurl from t_contribution t1 left join t_upload_file t2 on t1.`imageFieldId` = t2.`id` left join t_upload_file t3 on t1.`videoFieldId` = t3.`id` left join u_user t4 on t1.`creator` = t4.`id` WHERE t1.`type` = ? order by t1.`create_time` desc 
2020-06-03 18:47:19,686 DEBUG (BaseJdbcLogger.java:159)- ==> Parameters: 2(String)
2020-06-03 18:47:19,737 DEBUG (BaseJdbcLogger.java:159)- <==      Total: 4
2020-06-03 18:47:19,738 DEBUG (BaseJdbcLogger.java:159)- ==>  Preparing: select t1.`id`,t1.`title`,t1.`videoFieldId`,t1.`imageFieldId`,t1.`view`,t1.`praise`,t1.`coin`,t1.`type`, t1.`creator`,t1.`remark`,t4.`nickname` creatorName,t1.`create_time`, t2.`url` imageFieldurl,t3.`url` videoFieldurl from t_contribution t1 left join t_upload_file t2 on t1.`imageFieldId` = t2.`id` left join t_upload_file t3 on t1.`videoFieldId` = t3.`id` left join u_user t4 on t1.`creator` = t4.`id` WHERE t1.`type` = ? order by t1.`create_time` desc 
2020-06-03 18:47:19,738 DEBUG (BaseJdbcLogger.java:159)- ==> Parameters: 3(String)
2020-06-03 18:47:19,776 DEBUG (BaseJdbcLogger.java:159)- <==      Total: 0
2020-06-03 18:47:19,777 DEBUG (BaseJdbcLogger.java:159)- ==>  Preparing: select t1.`id`,t1.`title`,t1.`videoFieldId`,t1.`imageFieldId`,t1.`view`,t1.`praise`,t1.`coin`,t1.`type`, t1.`creator`,t1.`remark`,t4.`nickname` creatorName,t1.`create_time`, t2.`url` imageFieldurl,t3.`url` videoFieldurl from t_contribution t1 left join t_upload_file t2 on t1.`imageFieldId` = t2.`id` left join t_upload_file t3 on t1.`videoFieldId` = t3.`id` left join u_user t4 on t1.`creator` = t4.`id` WHERE t1.`type` = ? order by t1.`create_time` desc 
2020-06-03 18:47:19,777 DEBUG (BaseJdbcLogger.java:159)- ==> Parameters: 4(String)
2020-06-03 18:47:19,809 DEBUG (BaseJdbcLogger.java:159)- <==      Total: 5
2020-06-03 18:47:19,810 DEBUG (BaseJdbcLogger.java:159)- ==>  Preparing: select t1.`id`,t1.`title`,t1.`videoFieldId`,t1.`imageFieldId`,t1.`view`,t1.`praise`,t1.`coin`,t1.`type`, t1.`creator`,t1.`remark`,t4.`nickname` creatorName,t1.`create_time`, t2.`url` imageFieldurl,t3.`url` videoFieldurl from t_contribution t1 left join t_upload_file t2 on t1.`imageFieldId` = t2.`id` left join t_upload_file t3 on t1.`videoFieldId` = t3.`id` left join u_user t4 on t1.`creator` = t4.`id` WHERE t1.`type` = ? order by t1.`create_time` desc 
2020-06-03 18:47:19,810 DEBUG (BaseJdbcLogger.java:159)- ==> Parameters: 5(String)
2020-06-03 18:47:19,850 DEBUG (BaseJdbcLogger.java:159)- <==      Total: 0
